179
173
178
190
197
169
133
106
86
75
70
67
72
77
93
128
150
169
176
176
183
194
193
188
178
170
172
183
185
174
139
106
90
80
76
67
65
71
90
121
146
177
179
170
170
171
164
158
149
148
147
162
156
149
131
108
89
76
71
65
62
63
83
83
97
118
134
137
139
144
144
145
149
147
149
147
150
149
137
117
97
82
72
68
68
64
66
75
98
125
156
171
169
176
177
176
180
185
189
188
196
192
177
141
109
84
76
74
68
63
70
88
123
156
181
186
180
185
191
191
184
174
169
172
197
196
160
136
120
94
73
66
63
62
67
83
113
148
170
179
177
183
190
189
185
177
178
195
202
204
187
139
105
83
74
67
63
67
74
96
129
155
177
187
187
193
206
208
200
189
188
189
193
190
166
132
104
83
71
66
65
70
74
96
130
156
174
183
182
190
198
200
193
196
188
176
182
187
165
132
105
84
73
68
68
68
73
90
130
158
177
196
213
209
210
204
196
164
157
159
179
164
150
130
109
91
85
75
70
62
64
73
88
105
128
145
148
153
157
154
157
163
163
160
160
165
159
142
118
98
84
75
68
62
63
69
84
111
143
175
179
182
182
182
192
202
208
211
214
202
187
148
113
87
73
67
65
65
73
93
132
168
186
191
193
195
213
216
212
205
198
200
240
225
184
142
106
88
70
67
66
72
79
99
139
161
179
185
186
188
205
209
203
195
191
193
206
198
171
135
103
83
74
67
65
72
77
97
137
162
178
183
184
189
205
211
203
195
197
195
212
207
178
135
98
74
68
69
72
74
74
95
135
160
178
183
184
187
203
203
201
191
181
185
196
194
170
148
103
85
76
74
66
65
72
93
131
153
171
176
175
172
176
174
169
161
157
155
167
157
149
129
105
91
79
69
66
63
65
71
86
104
125
141
148
152
154
155
159
167
170
168
164
166
162
143
119
99
84
77
71
64
64
70
86
112
144
168
175
184
185
187
195
209
215
212
214
206
184
145
111
91
78
72
64
63
71
96
136
161
185
191
190
195
209
214
210
202
193
196
206
221
173
134
99
80
70
65
62
62
82
99
132
156
174
181
183
187
202
205
202
193
185
186
190
187
167
132
105
89
81
70
73
67
74
92
128
153
171
178
177
183
195
197
184
184
173
183
191
191
166
126
96
81
71
65
61
63
83
94
127
153
170
176
176
185
196
196
190
186
180
176
201
198
201
161
99
83
70
64
62
62
71
91
131
150
168
177
175
172
179
175
165
159
152
151
161
155
148
126
103
84
70
65
64
64
68
72
83
108
136
146
143
142
151
152
153
158
156
154
154
159
155
136
118
94
78
68
63
61
61
65
84
107
140
165
171
178
184
184
188
198
205
205
201
195
179
142
108
83
70
64
60
61
68
91
142
164
183
188
190
196
213
211
202
201
188
196
209
204
180
138
108
89
75
69
68
67
75
102
145
160
177
185
185
187
201
205
201
194
185
184
190
188
168
132
102
83
71
70
73
69
72
94
135
158
174
181
182
190
205
206
198
189
184
184
196
193
163
129
99
84
75
71
70
66
75
96
133
159
176
180
183
181
193
194
192
182
175
173
178
179
164
128
99
79
72
70
64
62
69
90
128
144
167
173
170
165
172
170
162
158
150
148
151
161
155
129
109
87
75
69
65
62
64
68
82
98
118
136
151
147
147
147
150
154
150
146
149
153
159
141
120
95
78
69
65
62
65
70
82
106
133
155
165
177
180
179
183
186
185
193
201
200
182
142
111
87
71
67
62
69
82
89
124
149
171
181
182
187
202
202
190
187
184
190
200
195
174
133
101
80
69
65
72
67
71
91
127
154
173
181
183
187
198
201
195
188
180
183
180
188
164
131
102
79
72
74
70
69
74
95
131
156
176
177
174
180
198
200
191
179
175
170
187
195
168
130
99
82
72
68
65
65
72
92
123
148
165
173
183
184
196
197
189
180
171
169
177
181
166
130
100
84
74
71
67
73
80
94
127
143
161
168
164
162
170
169
171
163
146
147
151
153
149
130
111
90
75
71
