103
103
103
103
103
103
103
103
102
103
103
102
103
103
103
103
103
103
103
103
103
102
103
103
103
103
104
106
105
121
113
104
106
105
102
103
102
102
102
102
102
103
132
107
105
103
109
106
111
109
103
115
113
116
141
102
103
103
113
107
104
107
107
103
104
109
106
102
102
102
103
102
107
115
105
117
121
103
102
102
102
102
103
121
104
105
106
103
102
102
102
102
102
103
102
102
102
105
103
105
103
107
106
103
102
103
103
102
102
104
105
107
103
102
103
102
103
103
102
103
104
103
102
104
108
103
104
104
103
103
104
102
104
103
116
103
104
103
104
103
103
102
102
104
102
104
103
102
103
104
102
103
103
103
103
105
105
113
111
104
103
106
103
102
102
108
106
103
102
104
103
104
109
103
103
110
112
106
105
105
103
103
102
102
102
102
102
102
102
102
102
102
102
102
103
104
104
104
108
126
204
137
104
103
104
106
102
102
103
112
102
102
102
102
102
103
102
102
102
102
102
102
102
107
103
102
102
103
103
104
102
102
102
102
102
102
102
102
102
102
102
102
102
102
102
102
101
102
102
102
101
102
101
102
102
101
102
102
102
102
102
102
102
102
102
102
102
101
101
101
102
102
103
102
101
102
101
103
102
103
104
102
101
101
102
101
101
101
102
102
102
102
102
101
102
102
102
101
102
102
102
102
102
101
101
102
102
101
102
101
102
101
101
101
102
101
101
101
102
101
101
101
102
101
101
101
102
101
101
101
102
101
101
101
102
101
101
101
102
101
102
101
101
101
102
102
104
102
101
101
101
101
101
101
101
101
101
102
101
102
103
101
103
106
102
101
101
101
101
103
101
101
101
101
101
101
101
101
101
101
101
101
101
102
101
101
101
101
101
101
101
101
102
101
101
101
101
101
101
101
101
101
101
101
101
101
101
101
101
101
101
101
101
103
104
106
101
101
101
101
101
101
101
101
101
101
101
101
101
101
101
101
106
105
101
101
101
101
101
101
132
124
114
129
109
101
101
101
101
101
101
101
101
101
101
117
101
101
101
101
101
101
101
101
101
101
101
101
101
101
101
107
103
101
101
101
101
101
101
101
102
101
101
101
101
134
123
101
101
101
101
101
101
101
100
101
101
101
101
101
101
101
101
101
101
101
102
115
103
101
103
103
106
103
101
102
103
102
103
104
101
101
101
101
101
101
101
101
101
101
101
101
104
102
106
104
113
101
101
101
104
103
102
102
101
101
106
121
102
101
101
101
101
101
102
101
101
101
101
101
101
101
101
101
101
101
101
103
102
101
101
101
102
101
101
101
114
101
101
101
101
101
102
104
106
108
106
103
101
101
101
102
101
118
108
108
103
110
106
102
101
101
101
101
101
101
102
102
103
107
104
117
102
103
103
101
101
102
102
102
101
104
112
101
102
103
108
101
101
101
101
101
101
101
101
101
101
101
101
101
101
101
101
101
101
101
101
101
101
101
102
101
101
102
102
102
102
102
102
102
102
102
102
102
102
102
102
101
101
101
102
102
102
101
102
101
101
102
101
102
102
102
101
102
102
102
103
102
102
102
102
102
101
107
106
109
102
102
102
101
102
102
102
102
102
102
102
106
102
102
103
102
102
116
105
107
103
103
104
103
104
103
103
106
103
102
103
102
102
102
102
102
102
102
102
102
102
102
102
102
103
102
102
102
102
102
103
103
103
102
103
102
105
105
103
102
103
104
104
103
102
102
103
103
105
103
105
103
103
102
103
102
102
103
102
103
102
103
103
103
104
103
103
103
107
107
104
102
102
102
103
103
102
102
102
103
102
103
104
102
103
102
102
102
103
102
102
102
103
103
102
102
102
102
103
103
103
102
102
103
103
103
104
103
105
104
106
107
104
102
103
103
103
102
103
103
103
103
103
103
103
104
103
103
103
113
141
110
106
113
103
103
102
103
102
102
102
102
104
116
130
139
119
105
120
104
133
128
111
116
109
110
138
104
102
103
103
103
103
103
106
104
103
103
103
103
115
121
153
106
104
103
103
103
103
127
107
139
112
153
108
106
103
103
106
133
105
111
103
105
108
137
107
105
103
109
129
111
103
107
129
109
104
107
104
103
103
103
103
103
103
103
104
103
103
103
103
102
103
103
103
103
103
103
102
102
104
103
103
103
103
103
103
103
103
103
104
104
108
133
104
110
134
106
176
143
104
110
114
103
103
116
121
122
104
240
126
139
109
103
107
104
103
103
143
138
133
178
132
184
142
129
117
123
122
123
124
129
117
126
125
109
120
172
107
104
107
208
109
103
105
139
104
108
118
116
144
118
104
104
105
103
104
103
103
112
107
103
103
103
103
103
103
103
103
103
103
103
104
103
104
103
103
103
102
103
103
103
103
103
103
103
103
103
103
104
104
103
103
103
103
103
103
103
102
103
103
103
103
103
103
103
104
103
103
103
103
103
104
103
103
103
103
104
103
103
104
103
111
104
103
104
103
103
103
103
105
103
103
103
111
104
103
110
103
103
105
103
104
104
104
103
104
103
103
104
104
103
103
103
103
104
103
123
104
103
104
104
103
103
103
104
103
106
103
103
105
105
104
104
104
104
104
103
103
110
108
102
103
103
103
104
104
103
103
103
103
103
103
103
103
103
104
103
103
103
103
103
104
103
104
103
106
103
103
103
103
103
103
103
105
102
103
103
103
102
103
103
103
103
103
103
103
103
103
103
103
106
105
104
104
104
104
103
104
105
103
104
103
103
102
103
103
103
102
103
102
103
103
103
103
103
103
103
103
103
103
103
102
103
103
103
103
103
104
104
103
107
107
103
103
103
103
103
103
103
103
103
127
103
103
103
109
103
104
104
104
103
123
110
104
104
103
103
103
105
104
103
104
103
103
104
103
103
103
104
104
103
108
103
103
103
103
103
103
103
103
103
103
103
103
103
104
103
103
103
104
104
105
103
103
103
104
103
103
103
103
103
103
103
104
105
107
103
103
103
103
103
103
103
104
103
104
106
103
104
103
103
103
103
103
104
104
104
118
118
122
104
105
104
103
103
103
103
108
103
103
103
106
103
103
103
103
103
104
104
103
109
103
103
103
102
103
104
106
103
104
103
103
104
103
103
103
103
105
103
103
103
103
103
104
104
103
103
103
103
103
103
103
103
104
103
103
103
106
103
103
103
103
106
103
103
103
103
106
103
103
103
103
103
103
103
103
103
105
104
103
103
103
103
103
103
103
103
105
103
103
103
103
103
103
103
103
103
103
103
103
103
103
103
