59
57
59
63
65
56
44
35
28
25
23
22
24
25
31
42
50
56
58
58
61
64
64
62
59
56
57
61
61
58
46
35
30
26
25
22
21
23
30
40
48
59
59
56
56
57
54
52
49
49
49
54
52
49
43
36
29
25
23
21
20
21
27
27
32
39
44
45
46
48
48
48
49
49
49
49
50
49
45
39
32
27
24
22
22
21
22
25
32
41
52
57
56
58
59
58
60
61
63
62
65
64
59
47
36
28
25
24
22
21
23
29
41
52
60
62
60
61
63
63
61
58
56
57
65
65
53
45
40
31
24
22
21
20
22
27
37
49
56
59
59
61
63
63
61
59
59
65
67
68
62
46
35
27
24
22
21
22
24
32
43
51
59
62
62
64
68
69
66
63
62
63
64
63
55
44
34
27
23
22
21
23
24
32
43
52
58
61
60
63
66
66
64
65
62
58
60
62
55
44
35
28
24
22
22
22
24
30
43
52
59
65
71
69
70
68
65
54
52
53
59
54
50
43
36
30
28
25
23
20
21
24
29
35
42
48
49
51
52
51
52
54
54
53
53
55
53
47
39
32
28
25
22
20
21
23
28
37
47
58
59
60
60
60
64
67
69
70
71
67
62
49
37
29
24
22
21
21
24
31
44
56
62
63
64
65
71
72
70
68
66
66
80
75
61
47
35
29
23
22
22
24
26
33
46
53
59
61
62
62
68
69
67
65
63
64
68
66
57
45
34
27
24
22
21
24
25
32
45
54
59
61
61
63
68
70
67
65
65
65
70
69
59
45
32
24
22
23
24
24
24
31
45
53
59
61
61
62
67
67
67
63
60
61
65
64
56
49
34
28
25
24
22
21
24
31
43
51
57
58
58
57
58
58
56
53
52
51
55
52
49
43
35
30
26
23
22
21
21
23
28
34
41
47
49
50
51
51
53
55
56
56
54
55
54
47
39
33
28
25
23
21
21
23
28
37
48
56
58
61
61
62
65
69
71
70
71
68
61
48
37
30
26
24
21
21
23
32
45
53
61
63
63
65
69
71
70
67
64
65
68
73
57
44
33
26
23
21
20
20
27
33
44
52
58
60
61
62
67
68
67
64
61
62
63
62
55
44
35
29
27
23
24
22
24
30
42
51
57
59
59
61
65
65
61
61
57
61
63
63
55
42
32
27
23
21
20
21
27
31
42
51
56
58
58
61
65
65
63
62
60
58
67
66
67
53
33
27
23
21
20
20
23
30
43
50
56
59
58
57
59
58
55
53
50
50
53
51
49
42
34
28
23
21
21
21
22
24
27
36
45
48
47
47
50
50
51
52
52
51
51
53
51
45
39
31
26
22
21
20
20
21
28
35
46
55
57
59
61
61
62
66
68
68
67
65
59
47
36
27
23
21
20
20
22
30
47
54
61
62
63
65
71
70
67
67
62
65
69
68
60
46
36
29
25
23
22
22
25
34
48
53
59
61
61
62
67
68
67
64
61
61
63
62
56
44
34
27
23
23
24
23
24
31
45
52
58
60
60
63
68
68
66
63
61
61
65
64
54
43
33
28
25
23
23
22
25
32
44
53
58
60
61
60
64
64
64
60
58
57
59
59
54
42
33
26
24
23
21
20
23
30
42
48
55
57
56
55
57
56
54
52
50
49
50
53
51
43
36
29
25
23
21
20
21
22
27
32
39
45
50
49
49
49
50
51
50
48
49
51
53
47
40
31
26
23
21
20
21
23
27
35
44
51
55
59
60
59
61
62
61
64
67
66
60
47
37
29
23
22
20
23
27
29
41
49
57
60
60
62
67
67
63
62
61
63
66
65
58
44
33
26
23
21
24
22
23
30
42
51
57
60
61
62
66
67
65
62
60
61
60
62
54
43
34
26
24
24
23
23
24
31
43
52
58
59
58
60
66
66
63
59
58
56
62
65
56
43
33
27
24
22
21
21
24
30
41
49
55
57
61
61
65
65
63
60
57
56
59
60
55
43
33
28
24
23
22
24
26
31
42
47
53
56
54
54
56
56
57
54
48
49
50
51
49
43
37
30
25
23
